<?xml version="1.0" encoding="UTF-8"?>
<Site BuildName="Linux-arm-linux-gnueabihf-g++"
	BuildStamp="20231229-0518-Experimental"
	Name="raspberrypi"
	Generator="ctest-3.18.4"
	CompilerName="/usr/bin/arm-linux-gnueabihf-g++"
	CompilerVersion="10.2.1"
	OSName="Linux"
	Hostname="raspberrypi"
	OSRelease="6.1.21-v8+"
	OSVersion="#1642 SMP PREEMPT Mon Apr  3 17:24:16 BST 2023"
	OSPlatform="aarch64"
	Is64Bits="1"
	VendorString=""
	VendorID="Unknown Manufacturer"
	FamilyID="8"
	ModelID="0"
	ProcessorCacheSize="0"
	NumberOfLogicalCPU="4"
	NumberOfPhysicalCPU="1"
	TotalVirtualMemory="99"
	TotalPhysicalMemory="3794"
	LogicalProcessorsPerPhysical="4"
	ProcessorClockFrequency="0"
	>
	<Testing>
		<StartDateTime>Dec 29 06:34 HST</StartDateTime>
		<StartTestTime>1703867643</StartTestTime>
		<TestList/>
		<EndDateTime>Dec 29 06:34 HST</EndDateTime>
		<EndTestTime>1703867643</EndTestTime>
		<ElapsedMinutes>0</ElapsedMinutes>
	</Testing>
</Site>
