<?xml version="1.0" encoding="UTF-8"?>
<Site BuildName="Linux-clang++"
	BuildStamp="20231221-0910-Experimental"
	Name="raspberrypi"
	Generator="ctest-3.18.4"
	CompilerName="/usr/bin/clang++"
	CompilerVersion="11.0.1"
	OSName="Linux"
	Hostname="raspberrypi"
	OSRelease="6.1.21-v8+"
	OSVersion="#1642 SMP PREEMPT Mon Apr  3 17:24:16 BST 2023"
	OSPlatform="aarch64"
	Is64Bits="1"
	VendorString=""
	VendorID="Unknown Manufacturer"
	FamilyID="8"
	ModelID="0"
	ProcessorCacheSize="0"
	NumberOfLogicalCPU="4"
	NumberOfPhysicalCPU="1"
	TotalVirtualMemory="99"
	TotalPhysicalMemory="3794"
	LogicalProcessorsPerPhysical="4"
	ProcessorClockFrequency="0"
	>
	<Testing>
		<StartDateTime>Dec 20 23:10 HST</StartDateTime>
		<StartTestTime>1703149858</StartTestTime>
		<TestList/>
		<EndDateTime>Dec 20 23:10 HST</EndDateTime>
		<EndTestTime>1703149858</EndTestTime>
		<ElapsedMinutes>0</ElapsedMinutes>
	</Testing>
</Site>
